<?xml version="1.0" encoding="UTF-8"?>
<testng-results skipped="0" failed="0" ignored="0" total="1" passed="1">
  <reporter-output>
  </reporter-output>
  <suite name="Default suite" duration-ms="337" started-at="2017-11-30T05:52:59Z" finished-at="2017-11-30T05:52:59Z">
    <groups>
    </groups>
    <test name="Default test" duration-ms="337" started-at="2017-11-30T05:52:59Z" finished-at="2017-11-30T05:52:59Z">
      <class name="com.springvalidation.SpringValidation.ValidationAPIUnitTest">
        <test-method status="PASS" signature="testMemberWithNoValues()[pri:0, instance:com.springvalidation.SpringValidation.ValidationAPIUnitTest@6a024a67]" name="testMemberWithNoValues" duration-ms="274" started-at="2017-11-30T11:22:59Z" finished-at="2017-11-30T11:22:59Z">
          <reporter-output>
          </reporter-output>
        </test-method> <!-- testMemberWithNoValues -->
      </class> <!-- com.springvalidation.SpringValidation.ValidationAPIUnitTest -->
    </test> <!-- Default test -->
  </suite> <!-- Default suite -->
</testng-results>
